<?xml version="1.0" encoding="UTF-8"?>
<testng-results ignored="0" total="2" passed="2" failed="0" skipped="0">
  <reporter-output>
  </reporter-output>
  <suite started-at="2023-02-22T12:31:22 IST" name="Default suite" finished-at="2023-02-22T12:31:22 IST" duration-ms="54">
    <groups>
    </groups>
    <test started-at="2023-02-22T12:31:22 IST" name="Default test" finished-at="2023-02-22T12:31:22 IST" duration-ms="54">
      <class name="Test.FirstAnnotation">
        <test-method signature="Testscript1()[pri:0, instance:Test.FirstAnnotation@29f69090]" started-at="2023-02-22T12:31:22 IST" name="Testscript1" finished-at="2023-02-22T12:31:22 IST" duration-ms="9" status="PASS">
          <reporter-output>
          </reporter-output>
        </test-method> <!-- Testscript1 -->
        <test-method signature="Testscript2()[pri:0, instance:Test.FirstAnnotation@29f69090]" started-at="2023-02-22T12:31:22 IST" name="Testscript2" finished-at="2023-02-22T12:31:22 IST" duration-ms="2" status="PASS">
          <reporter-output>
          </reporter-output>
        </test-method> <!-- Testscript2 -->
      </class> <!-- Test.FirstAnnotation -->
    </test> <!-- Default test -->
  </suite> <!-- Default suite -->
</testng-results>
